-------------------------------------------------------------------------------
Test set: SentencepieceTest
-------------------------------------------------------------------------------
Tests run: 1, Failures: 0, Errors: 1, Skipped: 0, Time elapsed: 0.069 s <<< FAILURE! -- in SentencepieceTest
SentencepieceTest.testModelLoadAndEncode -- Time elapsed: 0.066 s <<< ERROR!
com.google.protobuf.InvalidProtocolBufferException: While parsing a protocol message, the input ended unexpectedly in the middle of a field.  This could mean either that the input has been truncated or that an embedded message misreported its own length.
	at com.google.protobuf.InvalidProtocolBufferException.truncatedMessage(InvalidProtocolBufferException.java:92)
	at com.google.protobuf.CodedInputStream$ArrayDecoder.readRawBytes(CodedInputStream.java:1261)
	at com.google.protobuf.CodedInputStream$ArrayDecoder.readBytes(CodedInputStream.java:911)
	at sentencepiece.SentencepieceModel$ModelProto$SentencePiece$Builder.mergeFrom(SentencepieceModel.java:12890)
	at sentencepiece.SentencepieceModel$ModelProto$SentencePiece$1.parsePartialFrom(SentencepieceModel.java:13134)
	at sentencepiece.SentencepieceModel$ModelProto$SentencePiece$1.parsePartialFrom(SentencepieceModel.java:13126)
	at com.google.protobuf.CodedInputStream$ArrayDecoder.readMessage(CodedInputStream.java:884)
	at sentencepiece.SentencepieceModel$ModelProto$Builder.mergeFrom(SentencepieceModel.java:13920)
	at sentencepiece.SentencepieceModel$ModelProto$1.parsePartialFrom(SentencepieceModel.java:14938)
	at sentencepiece.SentencepieceModel$ModelProto$1.parsePartialFrom(SentencepieceModel.java:14930)
	at com.google.protobuf.AbstractParser.parsePartialFrom(AbstractParser.java:135)
	at com.google.protobuf.AbstractParser.parseFrom(AbstractParser.java:168)
	at com.google.protobuf.AbstractParser.parseFrom(AbstractParser.java:180)
	at com.google.protobuf.AbstractParser.parseFrom(AbstractParser.java:185)
	at com.google.protobuf.AbstractParser.parseFrom(AbstractParser.java:25)
	at sentencepiece.SentencepieceModel$ModelProto.parseFrom(SentencepieceModel.java:13572)
	at com.sentencepiece.Model.init(Model.java:57)
	at com.sentencepiece.Model.parseFromResource(Model.java:96)
	at com.sentencepiece.Model.getInstance(Model.java:86)
	at SentencepieceTest.testModelLoadAndEncode(SentencepieceTest.java:14)
	at java.base/jdk.internal.reflect.DirectMethodHandleAccessor.invoke(DirectMethodHandleAccessor.java:104)
	at java.base/java.lang.reflect.Method.invoke(Method.java:565)
	at junit.framework.TestCase.runTest(TestCase.java:154)
	at junit.framework.TestCase.runBare(TestCase.java:127)
	at junit.framework.TestResult$1.protect(TestResult.java:106)
	at junit.framework.TestResult.runProtected(TestResult.java:124)
	at junit.framework.TestResult.run(TestResult.java:109)
	at junit.framework.TestCase.run(TestCase.java:118)
	at junit.framework.TestSuite.runTest(TestSuite.java:208)
	at junit.framework.TestSuite.run(TestSuite.java:203)
	at java.base/jdk.internal.reflect.DirectMethodHandleAccessor.invoke(DirectMethodHandleAccessor.java:104)
	at java.base/java.lang.reflect.Method.invoke(Method.java:565)
	at org.apache.maven.surefire.junit.JUnitTestSetExecutor.execute(JUnitTestSetExecutor.java:81)
	at org.apache.maven.surefire.junit.JUnit3Provider.executeTestSet(JUnit3Provider.java:131)
	at org.apache.maven.surefire.junit.JUnit3Provider.invoke(JUnit3Provider.java:93)
	at org.apache.maven.surefire.booter.ForkedBooter.runSuitesInProcess(ForkedBooter.java:385)
	at org.apache.maven.surefire.booter.ForkedBooter.execute(ForkedBooter.java:162)
	at org.apache.maven.surefire.booter.ForkedBooter.run(ForkedBooter.java:507)
	at org.apache.maven.surefire.booter.ForkedBooter.main(ForkedBooter.java:495)

