<?xml version="1.0" encoding="UTF-8"?>
<testsuite xmlns:xsi="http://www.w3.org/2001/XMLSchema-instance" xsi:noNamespaceSchemaLocation="https://maven.apache.org/surefire/maven-surefire-plugin/xsd/surefire-test-report-3.0.xsd" version="3.0" name="com.rcst.SpmModelTest" time="0.163" tests="2" errors="0" skipped="0" failures="0">
  <properties>
[...]
</properties>
  <testcase name="testEnglish" classname="com.rcst.SpmModelTest" time="0.131">
    <system-out><![CDATA[Token IDs  : [641, 649, 160, 8, 60, 31, 6, 666, 211, 14, 21, 28, 662]
Decoded    : good morning, how are you?
]]></system-out>
  </testcase>
  <testcase name="testTagalog" classname="com.rcst.SpmModelTest" time="0.001">
    <system-out><![CDATA[Token IDs  : [8, 15, 16, 37, 6, 94, 666, 283, 172, 662]
Decoded    : magandang umaga, kumusta ka?
]]></system-out>
  </testcase>
</testsuite>