<?xml version="1.0" encoding="UTF-8"?>
<testsuite xmlns:xsi="http://www.w3.org/2001/XMLSchema-instance" xsi:noNamespaceSchemaLocation="https://maven.apache.org/surefire/maven-surefire-plugin/xsd/surefire-test-report-3.0.xsd" version="3.0" name="com.rcst.TsvLoaderTest" time="0.005" tests="6" errors="0" skipped="0" failures="0">
  <properties>
[...]
</properties>
  <testcase name="testRowCount" classname="com.rcst.TsvLoaderTest" time="0.0"/>
  <testcase name="testEnFirstRow" classname="com.rcst.TsvLoaderTest" time="0.0"/>
  <testcase name="testTlFirstRow" classname="com.rcst.TsvLoaderTest" time="0.0"/>
  <testcase name="testEnLastRow" classname="com.rcst.TsvLoaderTest" time="0.0"/>
  <testcase name="testTlLastRow" classname="com.rcst.TsvLoaderTest" time="0.0"/>
  <testcase name="testNoBlankSentences" classname="com.rcst.TsvLoaderTest" time="0.0"/>
</testsuite>